{
  "RSpec": {
    "coverage": {
      "/home/mouad-imam/Personal/flowrb/lib/flowline.rb": {
        "lines": [
          null,
          null,
          1,
          1,
          1,
          1,
          1,
          1,
          1,
          1,
          1,
          null,
          null,
          null,
          1,
          1,
          null,
          null,
          null,
          null,
          null,
          null,
          null,
          null,
          null,
          null,
          null,
          null,
          null,
          null,
          null,
          null,
          null,
          1,
          222,
          null,
          null,
          null
        ],
        "branches": {}
      },
      "/home/mouad-imam/Personal/flowrb/lib/flowline/errors.rb": {
        "lines": [
          null,
          null,
          1,
          null,
          1,
          null,
          null,
          1,
          1,
          null,
          1,
          30,
          30,
          null,
          null,
          null,
          null,
          1,
          1,
          null,
          1,
          15,
          15,
          15,
          null,
          null,
          null,
          null,
          1,
          1,
          null,
          1,
          6,
          6,
          null,
          null,
          null,
          null,
          1,
          1,
          null,
          1,
          66,
          66,
          66,
          66,
          null,
          null,
          null,
          null,
          1,
          1,
          null,
          1,
          35,
          35,
          35,
          35,
          null,
          null,
          null
        ],
        "branches": {}
      },
      "/home/mouad-imam/Personal/flowrb/lib/flowline/step.rb": {
        "lines": [
          null,
          null,
          1,
          null,
          null,
          1,
          1,
          null,
          1,
          1163,
          1163,
          1163,
          1163,
          null,
          1163,
          1161,
          null,
          null,
          1,
          1002,
          945,
          null,
          57,
          null,
          null,
          null,
          null,
          1,
          890,
          null,
          null,
          1,
          87,
          null,
          null,
          1,
          22,
          null,
          null,
          1,
          91,
          null,
          null,
          null,
          1,
          1064,
          null,
          null,
          1,
          1,
          null,
          null,
          1,
          2,
          null,
          null,
          1,
          null,
          1,
          1163,
          null,
          null,
          1,
          1163,
          1163,
          1162,
          null,
          null,
          null
        ],
        "branches": {
          "[:if, 0, 20, 6, 24, 9]": {
            "[:then, 1, 21, 8, 21, 28]": 945,
            "[:else, 2, 23, 8, 23, 38]": 57
          },
          "[:if, 3, 64, 6, 64, 65]": {
            "[:then, 4, 64, 6, 64, 52]": 0,
            "[:else, 5, 64, 6, 64, 65]": 1163
          },
          "[:unless, 6, 65, 6, 65, 115]": {
            "[:else, 7, 65, 6, 65, 115]": 1162,
            "[:then, 8, 65, 6, 65, 99]": 1
          },
          "[:unless, 9, 66, 6, 66, 94]": {
            "[:else, 10, 66, 6, 66, 94]": 1161,
            "[:then, 11, 66, 6, 66, 59]": 1
          }
        }
      },
      "/home/mouad-imam/Personal/flowrb/lib/flowline/dag.rb": {
        "lines": [
          null,
          null,
          1,
          null,
          1,
          null,
          null,
          1,
          1,
          null,
          1,
          341,
          null,
          null,
          1,
          1114,
          5,
          null,
          null,
          null,
          null,
          null,
          1109,
          1109,
          null,
          null,
          1,
          12,
          null,
          null,
          1,
          4,
          null,
          null,
          1,
          2,
          null,
          null,
          1,
          83,
          null,
          null,
          1,
          9,
          null,
          null,
          1,
          222,
          793,
          null,
          null,
          1,
          614,
          597,
          572,
          null,
          null,
          null,
          null,
          null,
          null,
          1,
          65,
          65,
          null,
          63,
          63,
          null,
          null,
          1,
          12,
          null,
          12,
          2,
          2,
          null,
          null,
          10,
          26,
          16,
          null,
          10,
          13,
          null,
          null,
          null,
          null,
          10,
          null,
          null,
          1,
          null,
          null,
          1,
          882,
          null,
          null,
          null,
          1,
          3057,
          3057,
          null,
          3057,
          null,
          null,
          1,
          63,
          63,
          447,
          696,
          null,
          63,
          null,
          null,
          1,
          63,
          1427,
          null,
          null,
          1,
          614,
          2062,
          null,
          1292,
          3,
          null,
          null,
          null,
          null,
          null,
          1289,
          null,
          14,
          null,
          null,
          null,
          null,
          null,
          null,
          null,
          null,
          1,
          597,
          null,
          null,
          25,
          25,
          null,
          null,
          null,
          null,
          null,
          1,
          null,
          null,
          25,
          null,
          null,
          1,
          null,
          25,
          25,
          25,
          null,
          25,
          28,
          null,
          null,
          0,
          null,
          null,
          1,
          61,
          61,
          null,
          61,
          61,
          null,
          61,
          61,
          33,
          33,
          null,
          0,
          28,
          25,
          25,
          25,
          null,
          null,
          null,
          3,
          3,
          null,
          null,
          null
        ],
        "branches": {
          "[:if, 0, 16, 6, 21, 9]": {
            "[:then, 1, 17, 8, 20, 9]": 5,
            "[:else, 2, 16, 6, 21, 9]": 1109
          },
          "[:if, 3, 64, 6, 64, 25]": {
            "[:then, 4, 64, 6, 64, 15]": 2,
            "[:else, 5, 64, 6, 64, 25]": 63
          },
          "[:if, 6, 73, 6, 76, 9]": {
            "[:then, 7, 74, 8, 75, 31]": 2,
            "[:else, 8, 73, 6, 76, 9]": 10
          },
          "[:if, 9, 79, 8, 85, 11]": {
            "[:then, 10, 80, 10, 80, 35]": 16,
            "[:else, 11, 82, 10, 84, 13]": 10
          },
          "[:unless, 12, 101, 6, 101, 24]": {
            "[:else, 13, 101, 6, 101, 24]": 3057,
            "[:then, 14, 101, 6, 101, 12]": 0
          },
          "[:if, 15, 110, 28, 110, 115]": {
            "[:then, 16, 110, 55, 110, 56]": 376,
            "[:else, 17, 110, 59, 110, 115]": 71
          },
          "[:if, 18, 124, 10, 129, 13]": {
            "[:then, 19, 125, 12, 128, 13]": 3,
            "[:else, 20, 124, 10, 129, 13]": 1289
          },
          "[:if, 21, 131, 10, 131, 34]": {
            "[:then, 22, 131, 10, 131, 14]": 1275,
            "[:else, 23, 131, 10, 131, 34]": 14
          },
          "[:if, 24, 166, 8, 166, 81]": {
            "[:then, 25, 166, 8, 166, 28]": 25,
            "[:else, 26, 166, 8, 166, 81]": 3
          },
          "[:unless, 27, 177, 6, 177, 30]": {
            "[:else, 28, 177, 6, 177, 30]": 61,
            "[:then, 29, 177, 6, 177, 18]": 0
          },
          "[:if, 30, 180, 8, 189, 11]": {
            "[:then, 31, 181, 10, 184, 19]": 33,
            "[:else, 32, 185, 8, 188, 21]": 28
          },
          "[:if, 33, 182, 10, 182, 73]": {
            "[:then, 34, 182, 10, 182, 21]": 33,
            "[:else, 35, 182, 10, 182, 73]": 0
          },
          "[:if, 36, 185, 8, 188, 21]": {
            "[:then, 37, 186, 10, 188, 21]": 25,
            "[:else, 38, 185, 8, 188, 21]": 3
          }
        }
      },
      "/home/mouad-imam/Personal/flowrb/lib/flowline/result.rb": {
        "lines": [
          null,
          null,
          1,
          null,
          1,
          1,
          null,
          1,
          null,
          950,
          950,
          950,
          950,
          950,
          950,
          950,
          950,
          null,
          null,
          1,
          1569,
          null,
          null,
          1,
          657,
          null,
          null,
          1,
          898,
          null,
          null,
          1,
          null,
          1,
          12,
          null,
          null,
          1,
          null,
          6,
          null,
          null,
          null,
          null,
          null,
          null,
          null,
          null,
          null,
          null,
          1,
          5,
          null,
          null,
          null,
          null,
          1,
          1,
          null,
          1,
          297,
          297,
          297,
          297,
          null,
          null,
          1,
          469,
          null,
          null,
          1,
          134,
          null,
          null,
          1,
          7,
          null,
          null,
          1,
          null,
          1,
          23,
          null,
          11,
          null,
          null,
          1,
          6,
          null,
          null,
          1,
          6,
          null,
          null,
          1,
          null,
          5,
          null,
          null,
          null,
          null,
          null,
          null,
          null,
          null,
          1,
          6,
          6,
          null,
          null,
          null
        ],
        "branches": {
          "[:if, 0, 21, 18, 21, 44]": {
            "[:then, 1, 21, 26, 21, 33]": 7,
            "[:else, 2, 21, 36, 21, 44]": 2
          },
          "[:\"&.\", 3, 52, 92, 52, 110]": {
            "[:then, 4, 52, 92, 52, 110]": 4,
            "[:else, 5, 52, 92, 52, 110]": 1
          },
          "[:unless, 6, 82, 6, 82, 49]": {
            "[:else, 7, 82, 6, 82, 49]": 11,
            "[:then, 8, 82, 6, 82, 16]": 12
          },
          "[:\"&.\", 9, 101, 15, 101, 29]": {
            "[:then, 10, 101, 15, 101, 29]": 1,
            "[:else, 11, 101, 15, 101, 29]": 4
          },
          "[:if, 12, 107, 15, 107, 46]": {
            "[:then, 13, 107, 26, 107, 35]": 5,
            "[:else, 14, 107, 38, 107, 46]": 1
          },
          "[:\"&.\", 15, 108, 81, 108, 99]": {
            "[:then, 16, 108, 81, 108, 99]": 1,
            "[:else, 17, 108, 81, 108, 99]": 5
          }
        }
      },
      "/home/mouad-imam/Personal/flowrb/lib/flowline/executor/base.rb": {
        "lines": [
          null,
          null,
          1,
          null,
          1,
          1,
          null,
          null,
          1,
          1,
          null,
          1,
          267,
          null,
          null,
          1,
          1,
          null,
          null,
          1,
          null,
          1,
          890,
          null,
          890,
          null,
          null,
          601,
          null,
          null,
          237,
          null,
          null,
          52,
          286,
          null,
          52,
          null,
          null,
          null,
          null,
          1,
          890,
          890,
          890,
          890,
          890,
          null,
          890,
          977,
          null,
          977,
          null,
          157,
          157,
          null,
          157,
          null,
          87,
          87,
          87,
          null,
          null,
          69,
          null,
          null,
          1,
          null,
          1,
          977,
          52,
          null,
          925,
          null,
          null,
          null,
          1,
          52,
          52,
          null,
          14,
          null,
          35,
          35,
          null,
          3,
          null,
          null,
          1,
          925,
          806,
          null,
          119,
          null,
          null,
          1,
          157,
          null,
          91,
          91,
          null,
          11,
          null,
          null,
          1,
          87,
          87,
          null,
          22,
          22,
          null,
          null,
          1,
          22,
          null,
          6,
          null,
          6,
          null,
          10,
          null,
          null,
          null,
          1,
          820,
          null,
          null,
          null,
          null,
          null,
          null,
          null,
          null,
          null,
          1,
          69,
          null,
          null,
          null,
          null,
          null,
          null,
          null,
          null,
          null,
          null,
          null,
          null
        ],
        "branches": {
          "[:case, 0, 25, 8, 38, 11]": {
            "[:when, 1, 28, 10, 28, 73]": 601,
            "[:when, 2, 31, 10, 31, 53]": 237,
            "[:else, 3, 34, 10, 37, 38]": 52
          },
          "[:if, 4, 28, 18, 28, 59]": {
            "[:then, 5, 28, 39, 28, 41]": 584,
            "[:else, 6, 28, 44, 28, 59]": 17
          },
          "[:if, 7, 52, 10, 52, 110]": {
            "[:then, 8, 52, 10, 52, 90]": 820,
            "[:else, 9, 52, 10, 52, 110]": 157
          },
          "[:unless, 10, 57, 10, 57, 73]": {
            "[:else, 11, 57, 10, 57, 73]": 87,
            "[:then, 12, 57, 10, 57, 15]": 69
          },
          "[:if, 13, 70, 8, 74, 11]": {
            "[:then, 14, 71, 10, 71, 43]": 52,
            "[:else, 15, 73, 10, 73, 46]": 925
          },
          "[:if, 16, 97, 8, 97, 46]": {
            "[:then, 17, 97, 8, 97, 20]": 66,
            "[:else, 18, 97, 8, 97, 46]": 91
          },
          "[:unless, 19, 100, 8, 100, 42]": {
            "[:else, 20, 100, 8, 100, 42]": 11,
            "[:then, 21, 100, 8, 100, 19]": 80
          },
          "[:if, 22, 107, 8, 107, 52]": {
            "[:then, 23, 107, 8, 107, 14]": 65,
            "[:else, 24, 107, 8, 107, 52]": 22
          },
          "[:case, 25, 114, 8, 121, 11]": {
            "[:when, 26, 116, 10, 116, 45]": 6,
            "[:when, 27, 118, 10, 118, 34]": 6,
            "[:else, 28, 120, 10, 120, 20]": 10
          }
        }
      },
      "/home/mouad-imam/Personal/flowrb/lib/flowline/executor/sequential.rb": {
        "lines": [
          null,
          null,
          1,
          null,
          1,
          1,
          null,
          1,
          1,
          207,
          null,
          199,
          199,
          199,
          null,
          null,
          199,
          468,
          467,
          null,
          467,
          48,
          null,
          null,
          null,
          null,
          null,
          null,
          null,
          419,
          null,
          null,
          150,
          null,
          48,
          null,
          1,
          null,
          null,
          null,
          null,
          null,
          null,
          null,
          null,
          1,
          null,
          1,
          468,
          468,
          null,
          null,
          1,
          198,
          null,
          null,
          null,
          null,
          null,
          null,
          null,
          null
        ],
        "branches": {
          "[:if, 0, 21, 12, 28, 15]": {
            "[:then, 1, 22, 14, 27, 15]": 48,
            "[:else, 2, 21, 12, 28, 15]": 419
          }
        }
      },
      "/home/mouad-imam/Personal/flowrb/lib/flowline/executor/parallel.rb": {
        "lines": [
          null,
          null,
          1,
          null,
          1,
          1,
          null,
          null,
          1,
          1,
          59,
          59,
          null,
          null,
          1,
          59,
          59,
          null,
          59,
          101,
          null,
          119,
          null,
          null,
          59,
          null,
          17,
          null,
          0,
          null,
          null,
          1,
          null,
          null,
          1,
          1,
          1,
          null,
          1,
          59,
          59,
          59,
          59,
          59,
          59,
          null,
          null,
          1,
          59,
          42,
          null,
          null,
          1,
          null,
          1,
          17,
          null,
          null,
          null,
          null,
          null,
          null,
          null,
          null,
          1,
          98,
          null,
          98,
          5,
          null,
          93,
          null,
          null,
          null,
          1,
          5,
          20,
          null,
          null,
          null,
          1,
          93,
          null,
          null,
          1,
          535,
          113,
          null,
          null,
          1,
          422,
          422,
          422,
          422,
          422,
          21,
          null,
          401,
          null,
          null,
          null,
          null,
          null,
          1,
          844,
          422,
          null,
          null,
          null,
          null
        ],
        "branches": {
          "[:if, 0, 20, 10, 20, 37]": {
            "[:then, 1, 20, 10, 20, 15]": 3,
            "[:else, 2, 20, 10, 20, 37]": 98
          },
          "[:if, 3, 49, 10, 49, 40]": {
            "[:then, 4, 49, 10, 49, 26]": 17,
            "[:else, 5, 49, 10, 49, 40]": 42
          },
          "[:if, 6, 66, 8, 66, 36]": {
            "[:then, 7, 66, 8, 66, 14]": 0,
            "[:else, 8, 66, 8, 66, 36]": 98
          },
          "[:\"&.\", 9, 68, 11, 68, 34]": {
            "[:then, 10, 68, 11, 68, 34]": 5,
            "[:else, 11, 68, 11, 68, 34]": 93
          },
          "[:if, 12, 68, 8, 72, 11]": {
            "[:then, 13, 69, 10, 69, 44]": 5,
            "[:else, 14, 71, 10, 71, 46]": 93
          },
          "[:if, 15, 95, 12, 99, 15]": {
            "[:then, 16, 96, 14, 96, 71]": 21,
            "[:else, 17, 98, 14, 98, 61]": 401
          }
        }
      },
      "/home/mouad-imam/Personal/flowrb/lib/flowline/pipeline.rb": {
        "lines": [
          null,
          null,
          1,
          null,
          1,
          1,
          null,
          1,
          241,
          241,
          241,
          null,
          null,
          1,
          863,
          863,
          860,
          null,
          null,
          null,
          null,
          null,
          null,
          null,
          null,
          1,
          220,
          220,
          null,
          null,
          1,
          45,
          null,
          null,
          1,
          4,
          null,
          null,
          1,
          3,
          null,
          null,
          1,
          5,
          null,
          null,
          1,
          4,
          null,
          null,
          1,
          5,
          null,
          null,
          1,
          null,
          1,
          220,
          null,
          175,
          null,
          45,
          null,
          0,
          0,
          null,
          0,
          null,
          null,
          0,
          null,
          null,
          null,
          null
        ],
        "branches": {
          "[:if, 0, 11, 6, 11, 38]": {
            "[:then, 1, 11, 6, 11, 22]": 236,
            "[:else, 2, 11, 6, 11, 38]": 5
          },
          "[:case, 3, 58, 6, 71, 9]": {
            "[:when, 4, 60, 8, 60, 37]": 175,
            "[:when, 5, 62, 8, 62, 61]": 45,
            "[:when, 6, 64, 8, 68, 11]": 0,
            "[:else, 7, 70, 8, 70, 101]": 0
          },
          "[:if, 8, 64, 8, 68, 11]": {
            "[:then, 9, 65, 10, 65, 53]": 0,
            "[:else, 10, 67, 10, 67, 27]": 0
          }
        }
      }
    },
    "timestamp": 1769978989
  }
}
