{
  "RSpec": {
    "coverage": {
      "/home/mouad-imam/Personal/flowrb/lib/flowline.rb": {
        "lines": [
          null,
          null,
          1,
          1,
          1,
          1,
          1,
          1,
          1,
          1,
          1,
          null,
          null,
          null,
          1,
          1,
          null,
          null,
          null,
          null,
          null,
          null,
          null,
          null,
          null,
          null,
          null,
          null,
          null,
          null,
          null,
          null,
          null,
          1,
          284,
          null,
          null,
          null
        ],
        "branches": {}
      },
      "/home/mouad-imam/Personal/flowrb/lib/flowline/errors.rb": {
        "lines": [
          null,
          null,
          1,
          null,
          1,
          null,
          null,
          1,
          1,
          null,
          1,
          30,
          30,
          null,
          null,
          null,
          null,
          1,
          1,
          null,
          1,
          15,
          15,
          15,
          null,
          null,
          null,
          null,
          1,
          1,
          null,
          1,
          6,
          6,
          null,
          null,
          null,
          null,
          1,
          1,
          null,
          1,
          66,
          66,
          66,
          66,
          null,
          null,
          null,
          null,
          1,
          1,
          null,
          1,
          35,
          35,
          35,
          35,
          null,
          null,
          null
        ],
        "branches": {}
      },
      "/home/mouad-imam/Personal/flowrb/lib/flowline/step.rb": {
        "lines": [
          null,
          null,
          1,
          null,
          null,
          1,
          1,
          null,
          1,
          1345,
          1345,
          1345,
          1345,
          null,
          1345,
          1343,
          null,
          null,
          1,
          1127,
          1039,
          null,
          88,
          null,
          null,
          null,
          null,
          1,
          1013,
          null,
          null,
          1,
          89,
          null,
          null,
          1,
          22,
          null,
          null,
          1,
          93,
          null,
          null,
          null,
          1,
          1189,
          null,
          null,
          null,
          1,
          1185,
          null,
          null,
          1,
          1078,
          null,
          null,
          1,
          1072,
          null,
          null,
          1,
          1,
          null,
          null,
          1,
          2,
          null,
          null,
          1,
          null,
          1,
          1345,
          null,
          null,
          1,
          1345,
          1345,
          1344,
          null,
          null,
          null
        ],
        "branches": {
          "[:if, 0, 20, 6, 24, 9]": {
            "[:then, 1, 21, 8, 21, 28]": 1039,
            "[:else, 2, 23, 8, 23, 38]": 88
          },
          "[:if, 3, 77, 6, 77, 65]": {
            "[:then, 4, 77, 6, 77, 52]": 0,
            "[:else, 5, 77, 6, 77, 65]": 1345
          },
          "[:unless, 6, 78, 6, 78, 115]": {
            "[:else, 7, 78, 6, 78, 115]": 1344,
            "[:then, 8, 78, 6, 78, 99]": 1
          },
          "[:unless, 9, 79, 6, 79, 94]": {
            "[:else, 10, 79, 6, 79, 94]": 1343,
            "[:then, 11, 79, 6, 79, 59]": 1
          }
        }
      },
      "/home/mouad-imam/Personal/flowrb/lib/flowline/dag.rb": {
        "lines": [
          null,
          null,
          1,
          null,
          1,
          null,
          null,
          1,
          1,
          null,
          1,
          403,
          null,
          null,
          1,
          1296,
          5,
          null,
          null,
          null,
          null,
          null,
          1291,
          1291,
          null,
          null,
          1,
          12,
          null,
          null,
          1,
          4,
          null,
          null,
          1,
          2,
          null,
          null,
          1,
          87,
          null,
          null,
          1,
          9,
          null,
          null,
          1,
          280,
          1017,
          null,
          null,
          1,
          738,
          721,
          696,
          null,
          null,
          null,
          null,
          null,
          null,
          1,
          69,
          69,
          null,
          67,
          67,
          null,
          null,
          1,
          12,
          null,
          12,
          2,
          2,
          null,
          null,
          10,
          26,
          16,
          null,
          10,
          13,
          null,
          null,
          null,
          null,
          10,
          null,
          null,
          1,
          null,
          null,
          1,
          1068,
          null,
          null,
          null,
          1,
          3603,
          3603,
          null,
          3603,
          null,
          null,
          1,
          67,
          67,
          463,
          728,
          null,
          67,
          null,
          null,
          1,
          67,
          1501,
          null,
          null,
          1,
          738,
          2426,
          null,
          1610,
          3,
          null,
          null,
          null,
          null,
          null,
          1607,
          null,
          14,
          null,
          null,
          null,
          null,
          null,
          null,
          null,
          null,
          1,
          721,
          null,
          null,
          25,
          25,
          null,
          null,
          null,
          null,
          null,
          1,
          null,
          null,
          25,
          null,
          null,
          1,
          null,
          25,
          25,
          25,
          null,
          25,
          28,
          null,
          null,
          0,
          null,
          null,
          1,
          61,
          61,
          null,
          61,
          61,
          null,
          61,
          61,
          33,
          33,
          null,
          0,
          28,
          25,
          25,
          25,
          null,
          null,
          null,
          3,
          3,
          null,
          null,
          null
        ],
        "branches": {
          "[:if, 0, 16, 6, 21, 9]": {
            "[:then, 1, 17, 8, 20, 9]": 5,
            "[:else, 2, 16, 6, 21, 9]": 1291
          },
          "[:if, 3, 64, 6, 64, 25]": {
            "[:then, 4, 64, 6, 64, 15]": 2,
            "[:else, 5, 64, 6, 64, 25]": 67
          },
          "[:if, 6, 73, 6, 76, 9]": {
            "[:then, 7, 74, 8, 75, 31]": 2,
            "[:else, 8, 73, 6, 76, 9]": 10
          },
          "[:if, 9, 79, 8, 85, 11]": {
            "[:then, 10, 80, 10, 80, 35]": 16,
            "[:else, 11, 82, 10, 84, 13]": 10
          },
          "[:unless, 12, 101, 6, 101, 24]": {
            "[:else, 13, 101, 6, 101, 24]": 3603,
            "[:then, 14, 101, 6, 101, 12]": 0
          },
          "[:if, 15, 110, 28, 110, 115]": {
            "[:then, 16, 110, 55, 110, 56]": 381,
            "[:else, 17, 110, 59, 110, 115]": 82
          },
          "[:if, 18, 124, 10, 129, 13]": {
            "[:then, 19, 125, 12, 128, 13]": 3,
            "[:else, 20, 124, 10, 129, 13]": 1607
          },
          "[:if, 21, 131, 10, 131, 34]": {
            "[:then, 22, 131, 10, 131, 14]": 1593,
            "[:else, 23, 131, 10, 131, 34]": 14
          },
          "[:if, 24, 166, 8, 166, 81]": {
            "[:then, 25, 166, 8, 166, 28]": 25,
            "[:else, 26, 166, 8, 166, 81]": 3
          },
          "[:unless, 27, 177, 6, 177, 30]": {
            "[:else, 28, 177, 6, 177, 30]": 61,
            "[:then, 29, 177, 6, 177, 18]": 0
          },
          "[:if, 30, 180, 8, 189, 11]": {
            "[:then, 31, 181, 10, 184, 19]": 33,
            "[:else, 32, 185, 8, 188, 21]": 28
          },
          "[:if, 33, 182, 10, 182, 73]": {
            "[:then, 34, 182, 10, 182, 21]": 33,
            "[:else, 35, 182, 10, 182, 73]": 0
          },
          "[:if, 36, 185, 8, 188, 21]": {
            "[:then, 37, 186, 10, 188, 21]": 25,
            "[:else, 38, 185, 8, 188, 21]": 3
          }
        }
      },
      "/home/mouad-imam/Personal/flowrb/lib/flowline/result.rb": {
        "lines": [
          null,
          null,
          1,
          null,
          1,
          1,
          null,
          1,
          null,
          1131,
          1131,
          1131,
          1131,
          1131,
          1131,
          1131,
          1131,
          null,
          null,
          1,
          2002,
          null,
          null,
          1,
          6,
          null,
          null,
          1,
          1895,
          null,
          null,
          1,
          null,
          1,
          86,
          null,
          null,
          1,
          12,
          null,
          null,
          1,
          null,
          6,
          null,
          null,
          null,
          null,
          null,
          null,
          null,
          null,
          null,
          null,
          null,
          1,
          5,
          null,
          null,
          null,
          null,
          1,
          1,
          null,
          1,
          359,
          359,
          359,
          359,
          null,
          null,
          1,
          614,
          null,
          null,
          1,
          185,
          null,
          null,
          1,
          8,
          null,
          null,
          1,
          null,
          1,
          23,
          null,
          11,
          null,
          null,
          1,
          6,
          null,
          null,
          1,
          6,
          null,
          null,
          1,
          null,
          5,
          null,
          null,
          null,
          null,
          null,
          null,
          null,
          null,
          1,
          6,
          6,
          null,
          null,
          null
        ],
        "branches": {
          "[:if, 0, 21, 18, 21, 44]": {
            "[:then, 1, 21, 26, 21, 33]": 7,
            "[:else, 2, 21, 36, 21, 44]": 3
          },
          "[:\"&.\", 3, 57, 92, 57, 110]": {
            "[:then, 4, 57, 92, 57, 110]": 4,
            "[:else, 5, 57, 92, 57, 110]": 1
          },
          "[:unless, 6, 87, 6, 87, 49]": {
            "[:else, 7, 87, 6, 87, 49]": 11,
            "[:then, 8, 87, 6, 87, 16]": 12
          },
          "[:\"&.\", 9, 106, 15, 106, 29]": {
            "[:then, 10, 106, 15, 106, 29]": 1,
            "[:else, 11, 106, 15, 106, 29]": 4
          },
          "[:if, 12, 112, 15, 112, 46]": {
            "[:then, 13, 112, 26, 112, 35]": 5,
            "[:else, 14, 112, 38, 112, 46]": 1
          },
          "[:\"&.\", 15, 113, 81, 113, 99]": {
            "[:then, 16, 113, 81, 113, 99]": 1,
            "[:else, 17, 113, 81, 113, 99]": 5
          }
        }
      },
      "/home/mouad-imam/Personal/flowrb/lib/flowline/executor/base.rb": {
        "lines": [
          null,
          null,
          1,
          null,
          1,
          1,
          null,
          null,
          1,
          1,
          null,
          1,
          329,
          null,
          null,
          1,
          1,
          null,
          null,
          1,
          null,
          1,
          1072,
          null,
          1072,
          null,
          null,
          668,
          null,
          null,
          319,
          null,
          null,
          85,
          363,
          null,
          85,
          null,
          null,
          null,
          null,
          1,
          1013,
          1013,
          1013,
          1013,
          1013,
          null,
          1013,
          1102,
          null,
          1102,
          null,
          159,
          159,
          null,
          159,
          null,
          89,
          89,
          89,
          null,
          null,
          69,
          null,
          null,
          1,
          null,
          1,
          1102,
          52,
          null,
          1050,
          null,
          null,
          null,
          1,
          52,
          52,
          null,
          14,
          null,
          35,
          35,
          null,
          3,
          null,
          null,
          1,
          1050,
          929,
          null,
          121,
          null,
          null,
          1,
          159,
          null,
          93,
          93,
          null,
          11,
          null,
          null,
          1,
          89,
          89,
          null,
          22,
          22,
          null,
          null,
          1,
          22,
          null,
          6,
          null,
          6,
          null,
          10,
          null,
          null,
          null,
          1,
          943,
          null,
          null,
          null,
          null,
          null,
          null,
          null,
          null,
          null,
          1,
          69,
          null,
          null,
          null,
          null,
          null,
          null,
          null,
          null,
          null,
          null,
          1,
          58,
          null,
          null,
          null,
          null,
          null,
          null,
          null,
          null,
          null,
          1,
          1072,
          null,
          113,
          113,
          null,
          null,
          113,
          null,
          6,
          null,
          0,
          null,
          null,
          1,
          113,
          null,
          113,
          107,
          31,
          null,
          76,
          null,
          null,
          6,
          null,
          null,
          null,
          null,
          null
        ],
        "branches": {
          "[:case, 0, 25, 8, 38, 11]": {
            "[:when, 1, 28, 10, 28, 73]": 668,
            "[:when, 2, 31, 10, 31, 53]": 319,
            "[:else, 3, 34, 10, 37, 38]": 85
          },
          "[:if, 4, 28, 18, 28, 59]": {
            "[:then, 5, 28, 39, 28, 41]": 649,
            "[:else, 6, 28, 44, 28, 59]": 19
          },
          "[:if, 7, 52, 10, 52, 110]": {
            "[:then, 8, 52, 10, 52, 90]": 943,
            "[:else, 9, 52, 10, 52, 110]": 159
          },
          "[:unless, 10, 57, 10, 57, 73]": {
            "[:else, 11, 57, 10, 57, 73]": 89,
            "[:then, 12, 57, 10, 57, 15]": 69
          },
          "[:if, 13, 70, 8, 74, 11]": {
            "[:then, 14, 71, 10, 71, 43]": 52,
            "[:else, 15, 73, 10, 73, 46]": 1050
          },
          "[:if, 16, 97, 8, 97, 46]": {
            "[:then, 17, 97, 8, 97, 20]": 66,
            "[:else, 18, 97, 8, 97, 46]": 93
          },
          "[:unless, 19, 100, 8, 100, 42]": {
            "[:else, 20, 100, 8, 100, 42]": 11,
            "[:then, 21, 100, 8, 100, 19]": 82
          },
          "[:if, 22, 107, 8, 107, 52]": {
            "[:then, 23, 107, 8, 107, 14]": 67,
            "[:else, 24, 107, 8, 107, 52]": 22
          },
          "[:case, 25, 114, 8, 121, 11]": {
            "[:when, 26, 116, 10, 116, 45]": 6,
            "[:when, 27, 118, 10, 118, 34]": 6,
            "[:else, 28, 120, 10, 120, 20]": 10
          },
          "[:unless, 29, 159, 8, 159, 45]": {
            "[:else, 30, 159, 8, 159, 45]": 113,
            "[:then, 31, 159, 8, 159, 20]": 959
          },
          "[:if, 32, 165, 8, 165, 61]": {
            "[:then, 33, 165, 8, 165, 50]": 107,
            "[:else, 34, 165, 8, 165, 61]": 6
          },
          "[:if, 35, 167, 8, 167, 68]": {
            "[:then, 36, 167, 8, 167, 53]": 6,
            "[:else, 37, 167, 8, 167, 68]": 0
          },
          "[:if, 38, 173, 8, 173, 37]": {
            "[:then, 39, 173, 8, 173, 19]": 0,
            "[:else, 40, 173, 8, 173, 37]": 113
          },
          "[:if, 41, 175, 8, 183, 11]": {
            "[:then, 42, 176, 10, 180, 13]": 107,
            "[:else, 43, 182, 10, 182, 42]": 6
          },
          "[:if, 44, 176, 10, 180, 13]": {
            "[:then, 45, 177, 12, 177, 26]": 31,
            "[:else, 46, 179, 12, 179, 41]": 76
          }
        }
      },
      "/home/mouad-imam/Personal/flowrb/lib/flowline/executor/sequential.rb": {
        "lines": [
          null,
          null,
          1,
          null,
          1,
          1,
          null,
          1,
          1,
          265,
          null,
          257,
          257,
          257,
          null,
          null,
          257,
          634,
          632,
          null,
          632,
          48,
          null,
          null,
          null,
          null,
          null,
          null,
          null,
          584,
          null,
          null,
          207,
          null,
          48,
          null,
          2,
          null,
          null,
          null,
          null,
          null,
          null,
          null,
          null,
          1,
          null,
          1,
          634,
          null,
          634,
          null,
          578,
          null,
          null,
          1,
          255,
          null,
          null,
          null,
          null,
          null,
          null,
          null,
          null
        ],
        "branches": {
          "[:if, 0, 21, 12, 28, 15]": {
            "[:then, 1, 22, 14, 27, 15]": 48,
            "[:else, 2, 21, 12, 28, 15]": 584
          },
          "[:if, 3, 51, 8, 51, 75]": {
            "[:then, 4, 51, 8, 51, 41]": 55,
            "[:else, 5, 51, 8, 51, 75]": 578
          }
        }
      },
      "/home/mouad-imam/Personal/flowrb/lib/flowline/executor/parallel.rb": {
        "lines": [
          null,
          null,
          1,
          null,
          1,
          1,
          null,
          null,
          1,
          1,
          63,
          63,
          null,
          null,
          1,
          63,
          63,
          null,
          63,
          111,
          null,
          129,
          null,
          null,
          63,
          null,
          17,
          null,
          0,
          null,
          null,
          1,
          null,
          null,
          1,
          1,
          1,
          null,
          1,
          63,
          63,
          63,
          63,
          63,
          63,
          null,
          null,
          1,
          63,
          46,
          null,
          null,
          1,
          null,
          1,
          17,
          null,
          null,
          null,
          null,
          null,
          null,
          null,
          null,
          1,
          108,
          null,
          108,
          5,
          null,
          103,
          null,
          null,
          null,
          1,
          5,
          20,
          null,
          null,
          null,
          1,
          103,
          null,
          null,
          1,
          561,
          123,
          null,
          null,
          1,
          438,
          438,
          438,
          438,
          438,
          21,
          null,
          417,
          null,
          null,
          null,
          null,
          null,
          1,
          876,
          null,
          438,
          null,
          435,
          null,
          null,
          null,
          null
        ],
        "branches": {
          "[:if, 0, 20, 10, 20, 37]": {
            "[:then, 1, 20, 10, 20, 15]": 3,
            "[:else, 2, 20, 10, 20, 37]": 108
          },
          "[:if, 3, 49, 10, 49, 40]": {
            "[:then, 4, 49, 10, 49, 26]": 17,
            "[:else, 5, 49, 10, 49, 40]": 46
          },
          "[:if, 6, 66, 8, 66, 36]": {
            "[:then, 7, 66, 8, 66, 14]": 0,
            "[:else, 8, 66, 8, 66, 36]": 108
          },
          "[:\"&.\", 9, 68, 11, 68, 34]": {
            "[:then, 10, 68, 11, 68, 34]": 5,
            "[:else, 11, 68, 11, 68, 34]": 103
          },
          "[:if, 12, 68, 8, 72, 11]": {
            "[:then, 13, 69, 10, 69, 44]": 5,
            "[:else, 14, 71, 10, 71, 46]": 103
          },
          "[:if, 15, 95, 12, 99, 15]": {
            "[:then, 16, 96, 14, 96, 71]": 21,
            "[:else, 17, 98, 14, 98, 61]": 417
          },
          "[:if, 18, 107, 8, 107, 75]": {
            "[:then, 19, 107, 8, 107, 41]": 3,
            "[:else, 20, 107, 8, 107, 75]": 435
          }
        }
      },
      "/home/mouad-imam/Personal/flowrb/lib/flowline/pipeline.rb": {
        "lines": [
          null,
          null,
          1,
          null,
          1,
          1,
          null,
          1,
          303,
          303,
          303,
          null,
          null,
          1,
          1045,
          1045,
          1042,
          null,
          null,
          null,
          null,
          null,
          null,
          null,
          null,
          1,
          282,
          282,
          null,
          null,
          1,
          45,
          null,
          null,
          1,
          4,
          null,
          null,
          1,
          3,
          null,
          null,
          1,
          5,
          null,
          null,
          1,
          4,
          null,
          null,
          1,
          5,
          null,
          null,
          1,
          null,
          1,
          282,
          null,
          233,
          null,
          49,
          null,
          0,
          0,
          null,
          0,
          null,
          null,
          0,
          null,
          null,
          null,
          null
        ],
        "branches": {
          "[:if, 0, 11, 6, 11, 38]": {
            "[:then, 1, 11, 6, 11, 22]": 298,
            "[:else, 2, 11, 6, 11, 38]": 5
          },
          "[:case, 3, 58, 6, 71, 9]": {
            "[:when, 4, 60, 8, 60, 37]": 233,
            "[:when, 5, 62, 8, 62, 61]": 49,
            "[:when, 6, 64, 8, 68, 11]": 0,
            "[:else, 7, 70, 8, 70, 101]": 0
          },
          "[:if, 8, 64, 8, 68, 11]": {
            "[:then, 9, 65, 10, 65, 53]": 0,
            "[:else, 10, 67, 10, 67, 27]": 0
          }
        }
      }
    },
    "timestamp": 1769980199
  }
}
